{"nbformat":4,"nbformat_minor":0,"metadata":{"colab":{"name":"Python and computer vision project","provenance":[{"file_id":"1sfPMs1AwrtQ536tZ07pcClXSVzE0hyjy","timestamp":1622179596214},{"file_id":"1rcX2Qn4XR3pWJnZv7D_FbTPNubcX6Yin","timestamp":1622179569983},{"file_id":"/v2/external/notebooks/intro.ipynb","timestamp":1622172942619}],"collapsed_sections":[]},"kernelspec":{"display_name":"Python 3","name":"python3"}},"cells":[{"cell_type":"code","metadata":{"id":"NBFX7YPGAbaG","colab":{"base_uri":"https://localhost:8080/"},"executionInfo":{"status":"ok","timestamp":1622177915611,"user_tz":-330,"elapsed":6745,"user":{"displayName":"shahala ap","photoUrl":"https://lh3.googleusercontent.com/a-/AOh14Gg1UeBr5PmW-KfhTPnvl2wSOawCpxTN_Xmuo3i-=s64","userId":"13616928803471406390"}},"outputId":"c796d9d9-8081-44f7-d709-d58e99d1d503"},"source":["!pip install keras-tuner"],"execution_count":null,"outputs":[{"output_type":"stream","text":["Collecting keras-tuner\n","\u001b[?25l  Downloading https://files.pythonhosted.org/packages/20/ec/1ef246787174b1e2bb591c95f29d3c1310070cad877824f907faba3dade9/keras-tuner-1.0.2.tar.gz (62kB)\n","\r\u001b[K     |█████▏                          | 10kB 12.9MB/s eta 0:00:01\r\u001b[K     |██████████▍                     | 20kB 17.7MB/s eta 0:00:01\r\u001b[K     |███████████████▋                | 30kB 12.9MB/s eta 0:00:01\r\u001b[K     |████████████████████▉           | 40kB 9.4MB/s eta 0:00:01\r\u001b[K     |██████████████████████████      | 51kB 5.8MB/s eta 0:00:01\r\u001b[K     |███████████████████████████████▎| 61kB 6.4MB/s eta 0:00:01\r\u001b[K     |████████████████████████████████| 71kB 3.9MB/s \n","\u001b[?25hRequirement already satisfied: packaging in /usr/local/lib/python3.7/dist-packages (from keras-tuner) (20.9)\n","Requirement already satisfied: future in /usr/local/lib/python3.7/dist-packages (from keras-tuner) (0.16.0)\n","Requirement already satisfied: numpy in /usr/local/lib/python3.7/dist-packages (from keras-tuner) (1.19.5)\n","Requirement already satisfied: tabulate in /usr/local/lib/python3.7/dist-packages (from keras-tuner) (0.8.9)\n","Collecting terminaltables\n","  Downloading https://files.pythonhosted.org/packages/9b/c4/4a21174f32f8a7e1104798c445dacdc1d4df86f2f26722767034e4de4bff/terminaltables-3.1.0.tar.gz\n","Collecting colorama\n","  Downloading https://files.pythonhosted.org/packages/44/98/5b86278fbbf250d239ae0ecb724f8572af1c91f4a11edf4d36a206189440/colorama-0.4.4-py2.py3-none-any.whl\n","Requirement already satisfied: tqdm in /usr/local/lib/python3.7/dist-packages (from keras-tuner) (4.41.1)\n","Requirement already satisfied: requests in /usr/local/lib/python3.7/dist-packages (from keras-tuner) (2.23.0)\n","Requirement already satisfied: scipy in /usr/local/lib/python3.7/dist-packages (from keras-tuner) (1.4.1)\n","Requirement already satisfied: scikit-learn in /usr/local/lib/python3.7/dist-packages (from keras-tuner) (0.22.2.post1)\n","Requirement already satisfied: pyparsing>=2.0.2 in /usr/local/lib/python3.7/dist-packages (from packaging->keras-tuner) (2.4.7)\n","Requirement already satisfied: urllib3!=1.25.0,!=1.25.1,<1.26,>=1.21.1 in /usr/local/lib/python3.7/dist-packages (from requests->keras-tuner) (1.24.3)\n","Requirement already satisfied: certifi>=2017.4.17 in /usr/local/lib/python3.7/dist-packages (from requests->keras-tuner) (2020.12.5)\n","Requirement already satisfied: idna<3,>=2.5 in /usr/local/lib/python3.7/dist-packages (from requests->keras-tuner) (2.10)\n","Requirement already satisfied: chardet<4,>=3.0.2 in /usr/local/lib/python3.7/dist-packages (from requests->keras-tuner) (3.0.4)\n","Requirement already satisfied: joblib>=0.11 in /usr/local/lib/python3.7/dist-packages (from scikit-learn->keras-tuner) (1.0.1)\n","Building wheels for collected packages: keras-tuner, terminaltables\n","  Building wheel for keras-tuner (setup.py) ... \u001b[?25l\u001b[?25hdone\n","  Created wheel for keras-tuner: filename=keras_tuner-1.0.2-cp37-none-any.whl size=78938 sha256=31dc5f88afeaf1126a3146990cd7eb43f0780de181bcfeee1fa04ae68a850948\n","  Stored in directory: /root/.cache/pip/wheels/bb/a1/8a/7c3de0efb3707a1701b36ebbfdbc4e67aedf6d4943a1f463d6\n","  Building wheel for terminaltables (setup.py) ... \u001b[?25l\u001b[?25hdone\n","  Created wheel for terminaltables: filename=terminaltables-3.1.0-cp37-none-any.whl size=15356 sha256=c56049aba475bae63d0488c101e933692da1eed553ee49c7fb820dfe8e7d0101\n","  Stored in directory: /root/.cache/pip/wheels/30/6b/50/6c75775b681fb36cdfac7f19799888ef9d8813aff9e379663e\n","Successfully built keras-tuner terminaltables\n","Installing collected packages: terminaltables, colorama, keras-tuner\n","Successfully installed colorama-0.4.4 keras-tuner-1.0.2 terminaltables-3.1.0\n"],"name":"stdout"}]},{"cell_type":"code","metadata":{"id":"FcieOBVIAgsV"},"source":["import tensorflow as tf\n","from tensorflow import keras\n","import numpy as np"],"execution_count":null,"outputs":[]},{"cell_type":"code","metadata":{"id":"i0Rwows6Asd0"},"source":["fashion_mnist=keras.datasets.fashion_mnist"],"execution_count":null,"outputs":[]},{"cell_type":"code","metadata":{"id":"cff1r0fMA4Ce","colab":{"base_uri":"https://localhost:8080/"},"executionInfo":{"status":"ok","timestamp":1622178004645,"user_tz":-330,"elapsed":1597,"user":{"displayName":"shahala ap","photoUrl":"https://lh3.googleusercontent.com/a-/AOh14Gg1UeBr5PmW-KfhTPnvl2wSOawCpxTN_Xmuo3i-=s64","userId":"13616928803471406390"}},"outputId":"7d819f39-d7cb-4af6-c0ea-cfdf2c3ca3ad"},"source":["(train_images,train_labels),(test_images,test_labels)=fashion_mnist.load_data()"],"execution_count":null,"outputs":[{"output_type":"stream","text":["Downloading data from https://storage.googleapis.com/tensorflow/tf-keras-datasets/train-labels-idx1-ubyte.gz\n","32768/29515 [=================================] - 0s 0us/step\n","Downloading data from https://storage.googleapis.com/tensorflow/tf-keras-datasets/train-images-idx3-ubyte.gz\n","26427392/26421880 [==============================] - 0s 0us/step\n","Downloading data from https://storage.googleapis.com/tensorflow/tf-keras-datasets/t10k-labels-idx1-ubyte.gz\n","8192/5148 [===============================================] - 0s 0us/step\n","Downloading data from https://storage.googleapis.com/tensorflow/tf-keras-datasets/t10k-images-idx3-ubyte.gz\n","4423680/4422102 [==============================] - 0s 0us/step\n"],"name":"stdout"}]},{"cell_type":"code","metadata":{"id":"URwLV7E0BQnA"},"source":["train_images=train_images/255.0\n","test_images=test_images/255.0"],"execution_count":null,"outputs":[]},{"cell_type":"code","metadata":{"id":"Xdyb-hOPBiGI","colab":{"base_uri":"https://localhost:8080/"},"executionInfo":{"status":"ok","timestamp":1622178014573,"user_tz":-330,"elapsed":620,"user":{"displayName":"shahala ap","photoUrl":"https://lh3.googleusercontent.com/a-/AOh14Gg1UeBr5PmW-KfhTPnvl2wSOawCpxTN_Xmuo3i-=s64","userId":"13616928803471406390"}},"outputId":"ce813dfb-68fc-4b10-a8cc-7044543f0757"},"source":["train_images[0].shape"],"execution_count":null,"outputs":[{"output_type":"execute_result","data":{"text/plain":["(28, 28)"]},"metadata":{"tags":[]},"execution_count":6}]},{"cell_type":"code","metadata":{"id":"4Enc2gupBpIR"},"source":["train_images = train_images.reshape(len(train_images),28,28,1)\n","test_images = test_images.reshape(len(test_images),28,28,1)"],"execution_count":null,"outputs":[]},{"cell_type":"code","metadata":{"id":"6ZQ4_MfpCNdW"},"source":[" \n","def build_model(hp):\n","  model = keras.sequential([\n","    keras.layers.Conv2D(\n","        filters=hp.Int('conv_1_filter', min_value=32, max_value=128, step=16),\n","        kernel_size=hp.Choice('conv_1_kernel', values = [3,5]),\n","        activation='relu',\n","        input_shape=(28,28,1)\n","    ),\n","    keras.layers.Conv2D(\n","        filters=hp.Int('conv_2_filter', min_value=32, max_value=64, step=16),\n","        kernel_size=hp.Choice('conv_2_kernel', values = [3,5]),\n","        activation='relu'\n","    ),\n","    keras.layers.Flatten(),\n","    keras.layers.Dense(\n","        units=hp.Int('dense_1_units', min_value=32, max_value=128, step=16),\n","        activation='relu'\n","    ),\n","    keras.layers.Dense(10, activation='softmax')#output layer\n","  ])\n"," \n","  model.compile(optimizer=keras.optimizers.Adam(hp.Choice('learning_rate', values=[1e-2, 1e-3])),\n","              loss='sparse_categorical_crossentropy',\n","              metrics=['accuracy'])\n"," \n","  return model"],"execution_count":null,"outputs":[]},{"cell_type":"code","metadata":{"id":"t7cdk2pPDFkS"},"source":["from kerastuner import RandomSearch\n","from kerastuner.engine.hyperparameters import HyperParameters"],"execution_count":null,"outputs":[]},{"cell_type":"code","metadata":{"id":"YOaQcaSvDg1h","colab":{"base_uri":"https://localhost:8080/","height":1000},"executionInfo":{"status":"error","timestamp":1622178814138,"user_tz":-330,"elapsed":1130,"user":{"displayName":"shahala ap","photoUrl":"https://lh3.googleusercontent.com/a-/AOh14Gg1UeBr5PmW-KfhTPnvl2wSOawCpxTN_Xmuo3i-=s64","userId":"13616928803471406390"}},"outputId":"6ca6b1f6-507a-473d-998c-d5b10f4a8ead"},"source":["tuner_search=RandomSearch(build_model,\n","                          objective='val_accuracy',\n","                          max_trials=5,directory='output',project_name=\"Mnist Fashion\")"],"execution_count":null,"outputs":[{"output_type":"stream","text":["Traceback (most recent call last):\n","  File \"/usr/local/lib/python3.7/dist-packages/kerastuner/engine/hypermodel.py\", line 104, in build\n","    model = self.hypermodel.build(hp)\n","  File \"<ipython-input-8-d2410bf94068>\", line 3, in build_model\n","    model = keras.sequential([\n","AttributeError: module 'tensorflow.keras' has no attribute 'sequential'\n","Traceback (most recent call last):\n","  File \"/usr/local/lib/python3.7/dist-packages/kerastuner/engine/hypermodel.py\", line 104, in build\n","    model = self.hypermodel.build(hp)\n","  File \"<ipython-input-8-d2410bf94068>\", line 3, in build_model\n","    model = keras.sequential([\n","AttributeError: module 'tensorflow.keras' has no attribute 'sequential'\n"],"name":"stderr"},{"output_type":"stream","text":["Invalid model 0/5\n","Invalid model 1/5\n"],"name":"stdout"},{"output_type":"stream","text":["Traceback (most recent call last):\n","  File \"/usr/local/lib/python3.7/dist-packages/kerastuner/engine/hypermodel.py\", line 104, in build\n","    model = self.hypermodel.build(hp)\n","  File \"<ipython-input-8-d2410bf94068>\", line 3, in build_model\n","    model = keras.sequential([\n","AttributeError: module 'tensorflow.keras' has no attribute 'sequential'\n","Traceback (most recent call last):\n","  File \"/usr/local/lib/python3.7/dist-packages/kerastuner/engine/hypermodel.py\", line 104, in build\n","    model = self.hypermodel.build(hp)\n","  File \"<ipython-input-8-d2410bf94068>\", line 3, in build_model\n","    model = keras.sequential([\n","AttributeError: module 'tensorflow.keras' has no attribute 'sequential'\n"],"name":"stderr"},{"output_type":"stream","text":["Invalid model 2/5\n","Invalid model 3/5\n","Invalid model 4/5\n","Invalid model 5/5\n"],"name":"stdout"},{"output_type":"stream","text":["Traceback (most recent call last):\n","  File \"/usr/local/lib/python3.7/dist-packages/kerastuner/engine/hypermodel.py\", line 104, in build\n","    model = self.hypermodel.build(hp)\n","  File \"<ipython-input-8-d2410bf94068>\", line 3, in build_model\n","    model = keras.sequential([\n","AttributeError: module 'tensorflow.keras' has no attribute 'sequential'\n","Traceback (most recent call last):\n","  File \"/usr/local/lib/python3.7/dist-packages/kerastuner/engine/hypermodel.py\", line 104, in build\n","    model = self.hypermodel.build(hp)\n","  File \"<ipython-input-8-d2410bf94068>\", line 3, in build_model\n","    model = keras.sequential([\n","AttributeError: module 'tensorflow.keras' has no attribute 'sequential'\n"],"name":"stderr"},{"output_type":"error","ename":"RuntimeError","evalue":"ignored","traceback":["\u001b[0;31m---------------------------------------------------------------------------\u001b[0m","\u001b[0;31mAttributeError\u001b[0m                            Traceback (most recent call last)","\u001b[0;32m/usr/local/lib/python3.7/dist-packages/kerastuner/engine/hypermodel.py\u001b[0m in \u001b[0;36mbuild\u001b[0;34m(self, hp)\u001b[0m\n\u001b[1;32m    103\u001b[0m                 \u001b[0;32mwith\u001b[0m \u001b[0mmaybe_distribute\u001b[0m\u001b[0;34m(\u001b[0m\u001b[0mself\u001b[0m\u001b[0;34m.\u001b[0m\u001b[0mdistribution_strategy\u001b[0m\u001b[0;34m)\u001b[0m\u001b[0;34m:\u001b[0m\u001b[0;34m\u001b[0m\u001b[0;34m\u001b[0m\u001b[0m\n\u001b[0;32m--> 104\u001b[0;31m                     \u001b[0mmodel\u001b[0m \u001b[0;34m=\u001b[0m \u001b[0mself\u001b[0m\u001b[0;34m.\u001b[0m\u001b[0mhypermodel\u001b[0m\u001b[0;34m.\u001b[0m\u001b[0mbuild\u001b[0m\u001b[0;34m(\u001b[0m\u001b[0mhp\u001b[0m\u001b[0;34m)\u001b[0m\u001b[0;34m\u001b[0m\u001b[0;34m\u001b[0m\u001b[0m\n\u001b[0m\u001b[1;32m    105\u001b[0m             \u001b[0;32mexcept\u001b[0m\u001b[0;34m:\u001b[0m\u001b[0;34m\u001b[0m\u001b[0;34m\u001b[0m\u001b[0m\n","\u001b[0;32m<ipython-input-8-d2410bf94068>\u001b[0m in \u001b[0;36mbuild_model\u001b[0;34m(hp)\u001b[0m\n\u001b[1;32m      2\u001b[0m \u001b[0;32mdef\u001b[0m \u001b[0mbuild_model\u001b[0m\u001b[0;34m(\u001b[0m\u001b[0mhp\u001b[0m\u001b[0;34m)\u001b[0m\u001b[0;34m:\u001b[0m\u001b[0;34m\u001b[0m\u001b[0;34m\u001b[0m\u001b[0m\n\u001b[0;32m----> 3\u001b[0;31m  model = keras.sequential([\n\u001b[0m\u001b[1;32m      4\u001b[0m    keras.layers.Conv2D(\n","\u001b[0;31mAttributeError\u001b[0m: module 'tensorflow.keras' has no attribute 'sequential'","\nDuring handling of the above exception, another exception occurred:\n","\u001b[0;31mRuntimeError\u001b[0m                              Traceback (most recent call last)","\u001b[0;32m<ipython-input-16-2c7963d02a6f>\u001b[0m in \u001b[0;36m<module>\u001b[0;34m()\u001b[0m\n\u001b[1;32m      1\u001b[0m tuner_search=RandomSearch(build_model,\n\u001b[1;32m      2\u001b[0m                           \u001b[0mobjective\u001b[0m\u001b[0;34m=\u001b[0m\u001b[0;34m'val_accuracy'\u001b[0m\u001b[0;34m,\u001b[0m\u001b[0;34m\u001b[0m\u001b[0;34m\u001b[0m\u001b[0m\n\u001b[0;32m----> 3\u001b[0;31m                           max_trials=5,directory='output',project_name=\"Mnist Fashion\")\n\u001b[0m","\u001b[0;32m/usr/local/lib/python3.7/dist-packages/kerastuner/tuners/randomsearch.py\u001b[0m in \u001b[0;36m__init__\u001b[0;34m(self, hypermodel, objective, max_trials, seed, hyperparameters, tune_new_entries, allow_new_entries, **kwargs)\u001b[0m\n\u001b[1;32m    135\u001b[0m             \u001b[0moracle\u001b[0m\u001b[0;34m,\u001b[0m\u001b[0;34m\u001b[0m\u001b[0;34m\u001b[0m\u001b[0m\n\u001b[1;32m    136\u001b[0m             \u001b[0mhypermodel\u001b[0m\u001b[0;34m,\u001b[0m\u001b[0;34m\u001b[0m\u001b[0;34m\u001b[0m\u001b[0m\n\u001b[0;32m--> 137\u001b[0;31m             **kwargs)\n\u001b[0m","\u001b[0;32m/usr/local/lib/python3.7/dist-packages/kerastuner/engine/multi_execution_tuner.py\u001b[0m in \u001b[0;36m__init__\u001b[0;34m(self, oracle, hypermodel, executions_per_trial, **kwargs)\u001b[0m\n\u001b[1;32m     57\u001b[0m                  **kwargs):\n\u001b[1;32m     58\u001b[0m         super(MultiExecutionTuner, self).__init__(\n\u001b[0;32m---> 59\u001b[0;31m             oracle, hypermodel, **kwargs)\n\u001b[0m\u001b[1;32m     60\u001b[0m         \u001b[0;32mif\u001b[0m \u001b[0misinstance\u001b[0m\u001b[0;34m(\u001b[0m\u001b[0moracle\u001b[0m\u001b[0;34m.\u001b[0m\u001b[0mobjective\u001b[0m\u001b[0;34m,\u001b[0m \u001b[0mlist\u001b[0m\u001b[0;34m)\u001b[0m\u001b[0;34m:\u001b[0m\u001b[0;34m\u001b[0m\u001b[0;34m\u001b[0m\u001b[0m\n\u001b[1;32m     61\u001b[0m             raise ValueError(\n","\u001b[0;32m/usr/local/lib/python3.7/dist-packages/kerastuner/engine/tuner.py\u001b[0m in \u001b[0;36m__init__\u001b[0;34m(self, oracle, hypermodel, max_model_size, optimizer, loss, metrics, distribution_strategy, directory, project_name, logger, tuner_id, overwrite)\u001b[0m\n\u001b[1;32m    103\u001b[0m                                     \u001b[0mproject_name\u001b[0m\u001b[0;34m=\u001b[0m\u001b[0mproject_name\u001b[0m\u001b[0;34m,\u001b[0m\u001b[0;34m\u001b[0m\u001b[0;34m\u001b[0m\u001b[0m\n\u001b[1;32m    104\u001b[0m                                     \u001b[0mlogger\u001b[0m\u001b[0;34m=\u001b[0m\u001b[0mlogger\u001b[0m\u001b[0;34m,\u001b[0m\u001b[0;34m\u001b[0m\u001b[0;34m\u001b[0m\u001b[0m\n\u001b[0;32m--> 105\u001b[0;31m                                     overwrite=overwrite)\n\u001b[0m\u001b[1;32m    106\u001b[0m \u001b[0;34m\u001b[0m\u001b[0m\n\u001b[1;32m    107\u001b[0m         \u001b[0mself\u001b[0m\u001b[0;34m.\u001b[0m\u001b[0mdistribution_strategy\u001b[0m \u001b[0;34m=\u001b[0m \u001b[0mdistribution_strategy\u001b[0m\u001b[0;34m\u001b[0m\u001b[0;34m\u001b[0m\u001b[0m\n","\u001b[0;32m/usr/local/lib/python3.7/dist-packages/kerastuner/engine/base_tuner.py\u001b[0m in \u001b[0;36m__init__\u001b[0;34m(self, oracle, hypermodel, directory, project_name, logger, overwrite)\u001b[0m\n\u001b[1;32m     88\u001b[0m         \u001b[0mself\u001b[0m\u001b[0;34m.\u001b[0m\u001b[0m_display\u001b[0m \u001b[0;34m=\u001b[0m \u001b[0mtuner_utils\u001b[0m\u001b[0;34m.\u001b[0m\u001b[0mDisplay\u001b[0m\u001b[0;34m(\u001b[0m\u001b[0moracle\u001b[0m\u001b[0;34m=\u001b[0m\u001b[0mself\u001b[0m\u001b[0;34m.\u001b[0m\u001b[0moracle\u001b[0m\u001b[0;34m)\u001b[0m\u001b[0;34m\u001b[0m\u001b[0;34m\u001b[0m\u001b[0m\n\u001b[1;32m     89\u001b[0m \u001b[0;34m\u001b[0m\u001b[0m\n\u001b[0;32m---> 90\u001b[0;31m         \u001b[0mself\u001b[0m\u001b[0;34m.\u001b[0m\u001b[0m_populate_initial_space\u001b[0m\u001b[0;34m(\u001b[0m\u001b[0;34m)\u001b[0m\u001b[0;34m\u001b[0m\u001b[0;34m\u001b[0m\u001b[0m\n\u001b[0m\u001b[1;32m     91\u001b[0m \u001b[0;34m\u001b[0m\u001b[0m\n\u001b[1;32m     92\u001b[0m         \u001b[0;32mif\u001b[0m \u001b[0;32mnot\u001b[0m \u001b[0moverwrite\u001b[0m \u001b[0;32mand\u001b[0m \u001b[0mtf\u001b[0m\u001b[0;34m.\u001b[0m\u001b[0mio\u001b[0m\u001b[0;34m.\u001b[0m\u001b[0mgfile\u001b[0m\u001b[0;34m.\u001b[0m\u001b[0mexists\u001b[0m\u001b[0;34m(\u001b[0m\u001b[0mself\u001b[0m\u001b[0;34m.\u001b[0m\u001b[0m_get_tuner_fname\u001b[0m\u001b[0;34m(\u001b[0m\u001b[0;34m)\u001b[0m\u001b[0;34m)\u001b[0m\u001b[0;34m:\u001b[0m\u001b[0;34m\u001b[0m\u001b[0;34m\u001b[0m\u001b[0m\n","\u001b[0;32m/usr/local/lib/python3.7/dist-packages/kerastuner/engine/base_tuner.py\u001b[0m in \u001b[0;36m_populate_initial_space\u001b[0;34m(self)\u001b[0m\n\u001b[1;32m    103\u001b[0m         \"\"\"\n\u001b[1;32m    104\u001b[0m         \u001b[0mhp\u001b[0m \u001b[0;34m=\u001b[0m \u001b[0mself\u001b[0m\u001b[0;34m.\u001b[0m\u001b[0moracle\u001b[0m\u001b[0;34m.\u001b[0m\u001b[0mget_space\u001b[0m\u001b[0;34m(\u001b[0m\u001b[0;34m)\u001b[0m\u001b[0;34m\u001b[0m\u001b[0;34m\u001b[0m\u001b[0m\n\u001b[0;32m--> 105\u001b[0;31m         \u001b[0mself\u001b[0m\u001b[0;34m.\u001b[0m\u001b[0mhypermodel\u001b[0m\u001b[0;34m.\u001b[0m\u001b[0mbuild\u001b[0m\u001b[0;34m(\u001b[0m\u001b[0mhp\u001b[0m\u001b[0;34m)\u001b[0m\u001b[0;34m\u001b[0m\u001b[0;34m\u001b[0m\u001b[0m\n\u001b[0m\u001b[1;32m    106\u001b[0m         \u001b[0mself\u001b[0m\u001b[0;34m.\u001b[0m\u001b[0moracle\u001b[0m\u001b[0;34m.\u001b[0m\u001b[0mupdate_space\u001b[0m\u001b[0;34m(\u001b[0m\u001b[0mhp\u001b[0m\u001b[0;34m)\u001b[0m\u001b[0;34m\u001b[0m\u001b[0;34m\u001b[0m\u001b[0m\n\u001b[1;32m    107\u001b[0m \u001b[0;34m\u001b[0m\u001b[0m\n","\u001b[0;32m/usr/local/lib/python3.7/dist-packages/kerastuner/engine/hypermodel.py\u001b[0m in \u001b[0;36m_build_wrapper\u001b[0;34m(self, hp, *args, **kwargs)\u001b[0m\n\u001b[1;32m     62\u001b[0m             \u001b[0;31m# to the search space.\u001b[0m\u001b[0;34m\u001b[0m\u001b[0;34m\u001b[0m\u001b[0;34m\u001b[0m\u001b[0m\n\u001b[1;32m     63\u001b[0m             \u001b[0mhp\u001b[0m \u001b[0;34m=\u001b[0m \u001b[0mhp\u001b[0m\u001b[0;34m.\u001b[0m\u001b[0mcopy\u001b[0m\u001b[0;34m(\u001b[0m\u001b[0;34m)\u001b[0m\u001b[0;34m\u001b[0m\u001b[0;34m\u001b[0m\u001b[0m\n\u001b[0;32m---> 64\u001b[0;31m         \u001b[0;32mreturn\u001b[0m \u001b[0mself\u001b[0m\u001b[0;34m.\u001b[0m\u001b[0m_build\u001b[0m\u001b[0;34m(\u001b[0m\u001b[0mhp\u001b[0m\u001b[0;34m,\u001b[0m \u001b[0;34m*\u001b[0m\u001b[0margs\u001b[0m\u001b[0;34m,\u001b[0m \u001b[0;34m**\u001b[0m\u001b[0mkwargs\u001b[0m\u001b[0;34m)\u001b[0m\u001b[0;34m\u001b[0m\u001b[0;34m\u001b[0m\u001b[0m\n\u001b[0m\u001b[1;32m     65\u001b[0m \u001b[0;34m\u001b[0m\u001b[0m\n\u001b[1;32m     66\u001b[0m \u001b[0;34m\u001b[0m\u001b[0m\n","\u001b[0;32m/usr/local/lib/python3.7/dist-packages/kerastuner/engine/hypermodel.py\u001b[0m in \u001b[0;36mbuild\u001b[0;34m(self, hp)\u001b[0m\n\u001b[1;32m    111\u001b[0m                 \u001b[0;32mif\u001b[0m \u001b[0mi\u001b[0m \u001b[0;34m==\u001b[0m \u001b[0mself\u001b[0m\u001b[0;34m.\u001b[0m\u001b[0m_max_fail_streak\u001b[0m\u001b[0;34m:\u001b[0m\u001b[0;34m\u001b[0m\u001b[0;34m\u001b[0m\u001b[0m\n\u001b[1;32m    112\u001b[0m                     raise RuntimeError(\n\u001b[0;32m--> 113\u001b[0;31m                         'Too many failed attempts to build model.')\n\u001b[0m\u001b[1;32m    114\u001b[0m                 \u001b[0;32mcontinue\u001b[0m\u001b[0;34m\u001b[0m\u001b[0;34m\u001b[0m\u001b[0m\n\u001b[1;32m    115\u001b[0m \u001b[0;34m\u001b[0m\u001b[0m\n","\u001b[0;31mRuntimeError\u001b[0m: Too many failed attempts to build model."]}]},{"cell_type":"code","metadata":{"id":"wMmMIJAhEMoF","colab":{"base_uri":"https://localhost:8080/","height":288},"executionInfo":{"status":"error","timestamp":1622178869603,"user_tz":-330,"elapsed":668,"user":{"displayName":"shahala ap","photoUrl":"https://lh3.googleusercontent.com/a-/AOh14Gg1UeBr5PmW-KfhTPnvl2wSOawCpxTN_Xmuo3i-=s64","userId":"13616928803471406390"}},"outputId":"c8d67dab-e18b-459c-e0ea-16456cc6ddf3"},"source":["tuner_search.search(train_images,train_labels,epochs=3,validation_split=0.1)"],"execution_count":null,"outputs":[{"output_type":"error","ename":"NameError","evalue":"ignored","traceback":["\u001b[0;31m---------------------------------------------------------------------------\u001b[0m","\u001b[0;31mNameError\u001b[0m                                 Traceback (most recent call last)","\u001b[0;32m<ipython-input-17-14d18f8bc01c>\u001b[0m in \u001b[0;36m<module>\u001b[0;34m()\u001b[0m\n\u001b[0;32m----> 1\u001b[0;31m \u001b[0mtuner_search\u001b[0m\u001b[0;34m.\u001b[0m\u001b[0msearch\u001b[0m\u001b[0;34m(\u001b[0m\u001b[0mtrain_images\u001b[0m\u001b[0;34m,\u001b[0m\u001b[0mtrain_labels\u001b[0m\u001b[0;34m,\u001b[0m\u001b[0mepochs\u001b[0m\u001b[0;34m=\u001b[0m\u001b[0;36m3\u001b[0m\u001b[0;34m,\u001b[0m\u001b[0mvalidation_split\u001b[0m\u001b[0;34m=\u001b[0m\u001b[0;36m0.1\u001b[0m\u001b[0;34m)\u001b[0m\u001b[0;34m\u001b[0m\u001b[0;34m\u001b[0m\u001b[0m\n\u001b[0m","\u001b[0;31mNameError\u001b[0m: name 'tuner_search' is not defined"]}]},{"cell_type":"code","metadata":{"id":"m38BkAqOElRN","colab":{"base_uri":"https://localhost:8080/","height":603},"executionInfo":{"status":"error","timestamp":1622178074447,"user_tz":-330,"elapsed":42,"user":{"displayName":"shahala ap","photoUrl":"https://lh3.googleusercontent.com/a-/AOh14Gg1UeBr5PmW-KfhTPnvl2wSOawCpxTN_Xmuo3i-=s64","userId":"13616928803471406390"}},"outputId":"63b6b97e-f981-4d1e-8ca3-ebb82a10a30c"},"source":["model=tuner_search.get_best_model(num_models=1)[0]"],"execution_count":null,"outputs":[{"output_type":"error","ename":"NameError","evalue":"ignored","traceback":["\u001b[0;31m---------------------------------------------------------------------------\u001b[0m","\u001b[0;31mNameError\u001b[0m                                 Traceback (most recent call last)","\u001b[0;32m<ipython-input-12-243fbb913b7b>\u001b[0m in \u001b[0;36m<module>\u001b[0;34m()\u001b[0m\n\u001b[0;32m----> 1\u001b[0;31m \u001b[0mmodel\u001b[0m\u001b[0;34m=\u001b[0m\u001b[0mtuner_search\u001b[0m\u001b[0;34m.\u001b[0m\u001b[0mget_best_model\u001b[0m\u001b[0;34m(\u001b[0m\u001b[0mnum_models\u001b[0m\u001b[0;34m=\u001b[0m\u001b[0;36m1\u001b[0m\u001b[0;34m)\u001b[0m\u001b[0;34m[\u001b[0m\u001b[0;36m0\u001b[0m\u001b[0;34m]\u001b[0m\u001b[0;34m\u001b[0m\u001b[0;34m\u001b[0m\u001b[0m\n\u001b[0m","\u001b[0;31mNameError\u001b[0m: name 'tuner_search' is not defined"]}]},{"cell_type":"code","metadata":{"id":"CogDoiuTF7UY"},"source":["model.summary()"],"execution_count":null,"outputs":[]},{"cell_type":"code","metadata":{"id":"6vDCPA1BZ8B3"},"source":["from google.colab import drive\n","drive.mount('/content/drive')"],"execution_count":null,"outputs":[]}]}